<?xml version="1.0" encoding="UTF-8"?>
<testsuite xmlns:xsi="http://www.w3.org/2001/XMLSchema-instance" xsi:noNamespaceSchemaLocation="https://maven.apache.org/surefire/maven-failsafe-plugin/xsd/failsafe-test-report.xsd" name="com.zopa.controller.LoanControllerIT" time="1.606" tests="7" errors="0" skipped="0" failures="0">
  <properties>
[...]
</properties>
  <testcase name="print_error_when_amount_is_not_within_range" classname="com.zopa.controller.LoanControllerIT" time="0.047"/>
  <testcase name="print_error_requested_amount_is_invalid" classname="com.zopa.controller.LoanControllerIT" time="0.002"/>
  <testcase name="print_error_file_format_is_invalid" classname="com.zopa.controller.LoanControllerIT" time="0.009"/>
  <testcase name="return_a_loan" classname="com.zopa.controller.LoanControllerIT" time="0.012"/>
  <testcase name="print_error_file_does_not_exist" classname="com.zopa.controller.LoanControllerIT" time="0.004"/>
  <testcase name="print_error_requested_amount_is_not_multiply_of_100" classname="com.zopa.controller.LoanControllerIT" time="0.002"/>
  <testcase name="print_error_no_loan_is_available" classname="com.zopa.controller.LoanControllerIT" time="0.002"/>
</testsuite>